<?xml version="1.0" encoding="UTF-8"?>
<!-- Generated by org.testng.reporters.JUnitReportReporter -->
<testsuite hostname="Nandhitha" failures="0" tests="1" name="testCases.SignUpwithInvalidCredentials" time="20.248" errors="0" timestamp="2024-09-16T09:19:15 IST" skipped="0">
  <testcase classname="testCases.SignUpwithInvalidCredentials" name="TC009_signUpInvalid" time="20.248"/>
  <system-out/>
</testsuite> <!-- testCases.SignUpwithInvalidCredentials -->
