<?xml version="1.0" encoding="UTF-8"?>
<!-- Generated by org.testng.reporters.JUnitReportReporter -->
<testsuite hostname="Nandhitha" failures="0" tests="1" name="testCases.CheckBottomLinksNavigation" time="35.839" errors="0" timestamp="2024-09-16T09:19:15 IST" skipped="0">
  <testcase classname="testCases.CheckBottomLinksNavigation" name="TC005_bottomMenuLinksNavigation" time="35.839"/>
  <system-out/>
</testsuite> <!-- testCases.CheckBottomLinksNavigation -->
